mode: set
github.com/diSpector/activity.git/internal/cli/validators/funcs.go:13.69,17.16 3 0
github.com/diSpector/activity.git/internal/cli/validators/funcs.go:17.16,19.3 1 0
github.com/diSpector/activity.git/internal/cli/validators/funcs.go:21.2,22.16 2 0
github.com/diSpector/activity.git/internal/cli/validators/funcs.go:22.16,24.3 1 0
github.com/diSpector/activity.git/internal/cli/validators/funcs.go:26.2,27.16 2 0
github.com/diSpector/activity.git/internal/cli/validators/funcs.go:27.16,29.3 1 0
github.com/diSpector/activity.git/internal/cli/validators/funcs.go:31.2,31.18 1 0
github.com/diSpector/activity.git/internal/cli/validators/funcs.go:34.63,38.16 3 0
github.com/diSpector/activity.git/internal/cli/validators/funcs.go:38.16,40.3 1 0
github.com/diSpector/activity.git/internal/cli/validators/funcs.go:42.2,43.16 2 0
github.com/diSpector/activity.git/internal/cli/validators/funcs.go:43.16,45.3 1 0
github.com/diSpector/activity.git/internal/cli/validators/funcs.go:47.2,47.18 1 0
github.com/diSpector/activity.git/internal/cli/validators/funcs.go:50.48,52.16 2 0
github.com/diSpector/activity.git/internal/cli/validators/funcs.go:52.16,54.3 1 0
github.com/diSpector/activity.git/internal/cli/validators/funcs.go:56.2,56.18 1 0
github.com/diSpector/activity.git/internal/cli/validators/funcs.go:59.45,60.20 1 1
github.com/diSpector/activity.git/internal/cli/validators/funcs.go:60.20,62.3 1 1
github.com/diSpector/activity.git/internal/cli/validators/funcs.go:64.2,64.12 1 1
github.com/diSpector/activity.git/internal/cli/validators/funcs.go:67.45,68.16 1 0
github.com/diSpector/activity.git/internal/cli/validators/funcs.go:68.16,70.3 1 0
github.com/diSpector/activity.git/internal/cli/validators/funcs.go:72.2,72.33 1 0
github.com/diSpector/activity.git/internal/cli/validators/funcs.go:72.33,74.3 1 0
github.com/diSpector/activity.git/internal/cli/validators/funcs.go:76.2,76.33 1 0
github.com/diSpector/activity.git/internal/cli/validators/funcs.go:76.33,78.3 1 0
github.com/diSpector/activity.git/internal/cli/validators/funcs.go:80.2,81.26 2 0
github.com/diSpector/activity.git/internal/cli/validators/funcs.go:81.26,83.3 1 0
github.com/diSpector/activity.git/internal/cli/validators/funcs.go:85.2,85.12 1 0
github.com/diSpector/activity.git/internal/cli/validators/funcs.go:88.33,89.14 1 0
github.com/diSpector/activity.git/internal/cli/validators/funcs.go:89.14,91.3 1 0
github.com/diSpector/activity.git/internal/cli/validators/funcs.go:93.2,93.13 1 0
github.com/diSpector/activity.git/internal/cli/validators/funcs.go:93.13,95.3 1 0
github.com/diSpector/activity.git/internal/cli/validators/funcs.go:97.2,97.23 1 0
github.com/diSpector/activity.git/internal/cli/validators/funcs.go:97.23,99.3 1 0
github.com/diSpector/activity.git/internal/cli/validators/funcs.go:101.2,101.12 1 0
